<?xml version='1.0' encoding='UTF-8'?>
<testsuite hostname="JieFudiMacBook-Air.local" name="ImplementPkg.exp_prcssT" tests="3" errors="0" failures="0" skipped="0" time="7.77" timestamp="2024-07-25T16:29:37">
          <properties>
      <property name="awt.toolkit" value="sun.lwawt.macosx.LWCToolkit"/><property name="socksProxyHost" value="127.0.0.1"/><property name="java.specification.version" value="11"/><property name="sun.cpu.isalist" value=""/><property name="sun.jnu.encoding" value="UTF-8"/><property name="sun.arch.data.model" value="64"/><property name="java.vendor.url" value="https://openlogic.com/"/><property name="sun.boot.library.path" value="/Library/Java/JavaVirtualMachines/openlogic-openjdk-11.jdk/Contents/Home/lib"/><property name="sun.java.command" value="/Users/fudijie/.sdkman/candidates/sbt/1.6.2/bin/sbt-launch.jar testOnly ImplementPkg.exp_prcssT"/><property name="jdk.debug" value="release"/><property name="java.specification.vendor" value="Oracle Corporation"/><property name="java.version.date" value="2024-04-16"/><property name="java.home" value="/Library/Java/JavaVirtualMachines/openlogic-openjdk-11.jdk/Contents/Home"/><property name="file.separator" value="/"/><property name="java.vm.compressedOopsMode" value="Zero based"/><property name="line.separator" value="
"/><property name="java.specification.name" value="Java Platform API Specification"/><property name="java.vm.specification.vendor" value="Oracle Corporation"/><property name="user.script" value="Hans"/><property name="sun.management.compiler" value="HotSpot 64-Bit Tiered Compilers"/><property name="java.runtime.version" value="11.0.23+9-adhoc.admin.jdk11u"/><property name="user.name" value="fudijie"/><property name="log4j.ignoreTCL" value="true"/><property name="file.encoding" value="UTF-8"/><property name="jnidispatch.path" value="/Users/fudijie/Library/Caches/JNA/temp/jna18325570267017620884.tmp"/><property name="java.vendor.version" value="OpenLogic-OpenJDK"/><property name="jna.loaded" value="true"/><property name="java.io.tmpdir" value="/var/folders/3m/bqq57_492nl_z6q6dz_qf42w0000gn/T/"/><property name="java.version" value="11.0.23"/><property name="socksProxyPort" value="7890"/><property name="java.vm.specification.name" value="Java Virtual Machine Specification"/><property name="java.awt.printerjob" value="sun.lwawt.macosx.CPrinterJob"/><property name="sun.os.patch.level" value="unknown"/><property name="java.library.path" value="/Users/fudijie/Library/Java/Extensions:/Library/Java/Extensions:/Network/Library/Java/Extensions:/System/Library/Java/Extensions:/usr/lib/java:."/><property name="java.vendor" value="OpenLogic"/><property name="java.specification.maintenance.version" value="2"/><property name="scala.ext.dirs" value="/Users/fudijie/.sbt/1.0/java9-rt-ext-openlogic_11_0_23"/><property name="sun.io.unicode.encoding" value="UnicodeBig"/><property name="socksNonProxyHosts" value="192.168.0.0/16|*.192.168.0.0/16|10.0.0.0/8|*.10.0.0.0/8|172.16.0.0/12|*.172.16.0.0/12|127.0.0.1|localhost|*.localhost|local|*.local|timestamp.apple.com|*.timestamp.apple.com|sequoia.apple.com|*.sequoia.apple.com|seed-sequoia.siri.apple.com|*.seed-sequoia.siri.apple.com"/><property name="gopherProxySet" value="false"/><property name="http.proxyHost" value="127.0.0.1"/><property name="java.class.path" value="/Users/fudijie/.sdkman/candidates/sbt/1.6.2/bin/sbt-launch.jar"/><property name="https.proxyPort" value="7890"/><property name="java.vm.vendor" value="OpenLogic"/><property name="jline.shutdownhook" value="false"/><property name="user.timezone" value="Asia/Shanghai"/><property name="os.name" value="Mac OS X"/><property name="java.vm.specification.version" value="11"/><property name="sun.java.launcher" value="SUN_STANDARD"/><property name="user.country" value="CN"/><property name="http.nonProxyHosts" value="192.168.0.0/16|*.192.168.0.0/16|10.0.0.0/8|*.10.0.0.0/8|172.16.0.0/12|*.172.16.0.0/12|127.0.0.1|localhost|*.localhost|local|*.local|timestamp.apple.com|*.timestamp.apple.com|sequoia.apple.com|*.sequoia.apple.com|seed-sequoia.siri.apple.com|*.seed-sequoia.siri.apple.com"/><property name="sun.cpu.endian" value="little"/><property name="user.home" value="/Users/fudijie"/><property name="user.language" value="zh"/><property name="sbt.script" value="/Users/fudijie/.sdkman/candidates/sbt/current/bin/sbt"/><property name="sbt.ipcsocket.tmpdir" value="/var/folders/3m/bqq57_492nl_z6q6dz_qf42w0000gn/T/.sbtbc4e70a4/ipcsocket"/><property name="swoval.tmpdir" value="/var/folders/3m/bqq57_492nl_z6q6dz_qf42w0000gn/T/.sbtbc4e70a4/swoval"/><property name="https.proxyHost" value="127.0.0.1"/><property name="java.awt.graphicsenv" value="sun.awt.CGraphicsEnvironment"/><property name="jline.esc.timeout" value="0"/><property name="ftp.nonProxyHosts" value="192.168.0.0/16|*.192.168.0.0/16|10.0.0.0/8|*.10.0.0.0/8|172.16.0.0/12|*.172.16.0.0/12|127.0.0.1|localhost|*.localhost|local|*.local|timestamp.apple.com|*.timestamp.apple.com|sequoia.apple.com|*.sequoia.apple.com|seed-sequoia.siri.apple.com|*.seed-sequoia.siri.apple.com"/><property name="path.separator" value=":"/><property name="os.version" value="14.5"/><property name="jna.nosys" value="true"/><property name="java.runtime.name" value="OpenJDK Runtime Environment"/><property name="java.vm.name" value="OpenJDK 64-Bit Server VM"/><property name="jna.platform.library.path" value="/usr/lib:/usr/lib"/><property name="java.vendor.url.bug" value="https://techsupport.roguewave.com/"/><property name="user.dir" value="/Users/fudijie/Learning Material/2024.6-8-Summer-Research-in-ZhuoC-Group/ApproxSquare"/><property name="os.arch" value="x86_64"/><property name="java.vm.info" value="mixed mode"/><property name="java.vm.version" value="11.0.23+9-adhoc.admin.jdk11u"/><property name="java.class.version" value="55.0"/><property name="http.proxyPort" value="7890"/>
    </properties>
          <testcase classname="ImplementPkg.exp_prcssT" name="exp_prcss_normal_1 should pass" time="3.296">
                      
                    </testcase><testcase classname="ImplementPkg.exp_prcssT" name="exp_prcss_normal_2 should pass" time="0.829">
                      
                    </testcase><testcase classname="ImplementPkg.exp_prcssT" name="exp_prcss_special should pass" time="3.645">
                      
                    </testcase>
          <system-out><![CDATA[]]></system-out>
          <system-err><![CDATA[]]></system-err>
        </testsuite>